<?xml version="1.0" encoding="UTF-8"?>
<testng-results skipped="0" failed="0" total="1" passed="1">
  <reporter-output>
  </reporter-output>
  <suite name="Suite" duration-ms="32" started-at="2018-07-10T09:48:53Z" finished-at="2018-07-10T09:48:53Z">
    <groups>
    </groups>
    <test name="Test" duration-ms="32" started-at="2018-07-10T09:48:53Z" finished-at="2018-07-10T09:48:53Z">
      <class name="com.tyss.test.SampleTest">
        <test-method status="PASS" signature="CreateUser()[pri:0, instance:com.tyss.test.SampleTest@b97c004]" name="CreateUser" duration-ms="16" started-at="2018-07-10T15:18:53Z" finished-at="2018-07-10T15:18:53Z">
          <reporter-output>
          </reporter-output>
        </test-method> <!-- CreateUser -->
      </class> <!-- com.tyss.test.SampleTest -->
    </test> <!-- Test -->
  </suite> <!-- Suite -->
</testng-results>
